[0620/234556.383:ERROR:settings.cc(320)] Settings magic is not 1129342067
[0702/194903.578:ERROR:process_reader_win.cc(123)] NtOpenThread: {Access Denied} A process has requested access to an object, but has not been granted those access rights. (0xc0000022)
[0702/194903.578:ERROR:process_reader_win.cc(123)] NtOpenThread: {Access Denied} A process has requested access to an object, but has not been granted those access rights. (0xc0000022)
[0702/194903.672:ERROR:exception_snapshot_win.cc(98)] thread ID 4960 not found in process
[0702/194903.672:ERROR:exception_snapshot_win.cc(98)] thread ID 6128 not found in process
[0702/194903.578:ERROR:process_reader_win.cc(123)] NtOpenThread: {Access Denied} A process has requested access to an object, but has not been granted those access rights. (0xc0000022)
[0702/194903.781:ERROR:exception_snapshot_win.cc(98)] thread ID 5376 not found in process
[0707/065316.735:ERROR:settings.cc(320)] Settings magic is not 1129342067
[0711/192306.127:ERROR:process_info.cc(329)] VirtualQueryEx: Access is denied. (0x5)
[0711/192306.189:ERROR:process_info.cc(556)] ReadMemoryInfo failed
[0711/192306.189:ERROR:process_memory_win.cc(39)] Failed to initialize ProcessInfo.
[0711/192306.142:ERROR:process_reader_win.cc(123)] NtOpenThread: {Access Denied} A process has requested access to an object, but has not been granted those access rights. (0xc0000022)
[0711/192306.111:ERROR:process_reader_win.cc(123)] NtOpenThread: {Access Denied} A process has requested access to an object, but has not been granted those access rights. (0xc0000022)
[0711/192306.205:ERROR:exception_snapshot_win.cc(98)] thread ID 5008 not found in process
[0711/192306.205:ERROR:exception_snapshot_win.cc(98)] thread ID 3276 not found in process
[0711/192306.111:ERROR:process_reader_win.cc(123)] NtOpenThread: {Access Denied} A process has requested access to an object, but has not been granted those access rights. (0xc0000022)
[0711/192306.111:ERROR:process_reader_win.cc(123)] NtOpenThread: {Access Denied} A process has requested access to an object, but has not been granted those access rights. (0xc0000022)
[0711/192306.111:ERROR:process_reader_win.cc(123)] NtOpenThread: {Access Denied} A process has requested access to an object, but has not been granted those access rights. (0xc0000022)
[0711/192306.111:ERROR:process_reader_win.cc(123)] NtOpenThread: {Access Denied} A process has requested access to an object, but has not been granted those access rights. (0xc0000022)
[0711/192306.205:ERROR:exception_snapshot_win.cc(98)] thread ID 7776 not found in process
[0711/192306.111:ERROR:process_reader_win.cc(123)] NtOpenThread: {Access Denied} A process has requested access to an object, but has not been granted those access rights. (0xc0000022)
[0711/192306.205:ERROR:exception_snapshot_win.cc(98)] thread ID 1832 not found in process
[0711/192306.205:ERROR:exception_snapshot_win.cc(98)] thread ID 6952 not found in process
[0711/192306.205:ERROR:exception_snapshot_win.cc(98)] thread ID 1980 not found in process
[0711/192306.205:ERROR:exception_snapshot_win.cc(98)] thread ID 3108 not found in process
[0711/192306.205:ERROR:scoped_process_suspend.cc(40)] NtResumeProcess: An attempt was made to access an exiting process. (0xc000010a)
[0711/192306.205:ERROR:scoped_process_suspend.cc(40)] NtResumeProcess: An attempt was made to access an exiting process. (0xc000010a)
[0711/192306.205:ERROR:scoped_process_suspend.cc(40)] NtResumeProcess: An attempt was made to access an exiting process. (0xc000010a)
[0711/192306.189:ERROR:scoped_process_suspend.cc(40)] NtResumeProcess: An attempt was made to access an exiting process. (0xc000010a)
[0711/192306.236:ERROR:process_reader_win.cc(123)] NtOpenThread: {Access Denied} A process has requested access to an object, but has not been granted those access rights. (0xc0000022)
[0711/192306.236:ERROR:exception_snapshot_win.cc(98)] thread ID 1408 not found in process
[0711/220252.345:ERROR:process_reader_win.cc(123)] NtOpenThread: {Access Denied} A process has requested access to an object, but has not been granted those access rights. (0xc0000022)
[0711/220252.345:ERROR:process_reader_win.cc(123)] NtOpenThread: {Access Denied} A process has requested access to an object, but has not been granted those access rights. (0xc0000022)
[0711/220252.345:ERROR:process_reader_win.cc(123)] NtOpenThread: {Access Denied} A process has requested access to an object, but has not been granted those access rights. (0xc0000022)
[0711/220252.345:ERROR:process_reader_win.cc(123)] NtOpenThread: {Access Denied} A process has requested access to an object, but has not been granted those access rights. (0xc0000022)
[0711/220252.423:ERROR:exception_snapshot_win.cc(98)] thread ID 6128 not found in process
[0711/220252.423:ERROR:exception_snapshot_win.cc(98)] thread ID 8768 not found in process
[0711/220252.423:ERROR:exception_snapshot_win.cc(98)] thread ID 5952 not found in process
[0711/220252.423:ERROR:exception_snapshot_win.cc(98)] thread ID 8596 not found in process
[0711/220252.470:ERROR:process_reader_win.cc(123)] NtOpenThread: {Access Denied} A process has requested access to an object, but has not been granted those access rights. (0xc0000022)
[0711/220252.470:ERROR:process_reader_win.cc(123)] NtOpenThread: {Access Denied} A process has requested access to an object, but has not been granted those access rights. (0xc0000022)
[0711/220252.470:ERROR:exception_snapshot_win.cc(98)] thread ID 5668 not found in process
[0711/220252.470:ERROR:exception_snapshot_win.cc(98)] thread ID 8920 not found in process
[0711/220252.470:ERROR:process_reader_win.cc(123)] NtOpenThread: {Access Denied} A process has requested access to an object, but has not been granted those access rights. (0xc0000022)
[0711/220252.470:ERROR:process_reader_win.cc(123)] NtOpenThread: {Access Denied} A process has requested access to an object, but has not been granted those access rights. (0xc0000022)
[0711/220252.470:ERROR:exception_snapshot_win.cc(98)] thread ID 8876 not found in process
[0711/220252.470:ERROR:exception_snapshot_win.cc(98)] thread ID 7892 not found in process
[0711/220252.345:ERROR:process_reader_win.cc(123)] NtOpenThread: {Access Denied} A process has requested access to an object, but has not been granted those access rights. (0xc0000022)
[0711/220252.345:ERROR:process_reader_win.cc(123)] NtOpenThread: {Access Denied} A process has requested access to an object, but has not been granted those access rights. (0xc0000022)
[0711/220252.502:ERROR:exception_snapshot_win.cc(98)] thread ID 840 not found in process
[0711/220252.502:ERROR:exception_snapshot_win.cc(98)] thread ID 5540 not found in process
[0711/220252.517:ERROR:process_reader_win.cc(123)] NtOpenThread: {Access Denied} A process has requested access to an object, but has not been granted those access rights. (0xc0000022)
[0711/220252.517:ERROR:exception_snapshot_win.cc(98)] thread ID 212 not found in process
[0711/220252.517:ERROR:process_reader_win.cc(123)] NtOpenThread: {Access Denied} A process has requested access to an object, but has not been granted those access rights. (0xc0000022)
[0711/220252.517:ERROR:exception_snapshot_win.cc(98)] thread ID 660 not found in process
[0711/220252.548:ERROR:process_reader_win.cc(123)] NtOpenThread: {Access Denied} A process has requested access to an object, but has not been granted those access rights. (0xc0000022)
[0711/220252.548:ERROR:exception_snapshot_win.cc(98)] thread ID 8556 not found in process
[0711/220252.548:ERROR:process_reader_win.cc(123)] NtOpenThread: {Access Denied} A process has requested access to an object, but has not been granted those access rights. (0xc0000022)
[0711/220252.548:ERROR:exception_snapshot_win.cc(98)] thread ID 8840 not found in process
[0711/220252.548:ERROR:process_reader_win.cc(123)] NtOpenThread: {Access Denied} A process has requested access to an object, but has not been granted those access rights. (0xc0000022)
[0711/220252.548:ERROR:exception_snapshot_win.cc(98)] thread ID 4036 not found in process
[0711/220252.580:ERROR:process_reader_win.cc(123)] NtOpenThread: {Access Denied} A process has requested access to an object, but has not been granted those access rights. (0xc0000022)
[0711/220252.580:ERROR:exception_snapshot_win.cc(98)] thread ID 8552 not found in process
[0715/104633.324:ERROR:settings.cc(320)] Settings magic is not 1129342067
